[20-Feb-2017 19:30:45 CST6CDT] mail() on [/home/drop3615/public_html/mailer.php:43]: To: contact@drop.car -- Headers: From: kathieoo16 <yz16@zoeyestefani.pop3boston.top>
[20-Feb-2017 20:38:30 CST6CDT] mail() on [/home/drop3615/public_html/mailer.php:43]: To: contact@drop.car -- Headers: From: calvinze2 <ka5@josie.jennifer.istanbul-imap.top>
[20-Feb-2017 23:45:45 CST6CDT] mail() on [/home/drop3615/public_html/mailer.php:43]: To: contact@drop.car -- Headers: From: MaxGabroGab <maxgabro1979@gmail.com>
[21-Feb-2017 00:57:26 CST6CDT] mail() on [/home/drop3615/public_html/mailer.php:43]: To: contact@drop.car -- Headers: From: bogdanchj <b.l.izk.oy.a.n2.01.7@gmail.com>
[21-Feb-2017 03:04:02 CST6CDT] mail() on [/home/drop3615/public_html/mailer.php:43]: To: contact@drop.car -- Headers: From: Richardcype <ghrz86316@rng.marvsz.com>
[21-Feb-2017 04:53:48 CST6CDT] mail() on [/home/drop3615/public_html/mailer.php:43]: To: contact@drop.car -- Headers: From: JeffreyCob <gomax@testosteroneforman.com>
[21-Feb-2017 06:35:23 CST6CDT] mail() on [/home/drop3615/public_html/mailer.php:43]: To: contact@drop.car -- Headers: From: Richardcype <tnlo26143@rng.marvsz.com>
[21-Feb-2017 09:49:20 CST6CDT] mail() on [/home/drop3615/public_html/mailer.php:43]: To: contact@drop.car -- Headers: From: IgnacioPoect <plasticatm@bank.com>
[21-Feb-2017 11:47:38 CST6CDT] mail() on [/home/drop3615/public_html/mailer.php:43]: To: contact@drop.car -- Headers: From: StephenBuiff <mrmax@iphonemsk.com>
[21-Feb-2017 12:14:01 CST6CDT] mail() on [/home/drop3615/public_html/mailer.php:43]: To: contact@drop.car -- Headers: From: lloydde11 <willardov60@dulceashanti.london-mail.top>
[21-Feb-2017 14:45:52 CST6CDT] mail() on [/home/drop3615/public_html/mailer.php:43]: To: contact@drop.car -- Headers: From: KennethFourf <fmfres@world-many.ru>
[21-Feb-2017 15:05:12 CST6CDT] mail() on [/home/drop3615/public_html/mailer.php:43]: To: contact@drop.car -- Headers: From: Peter Mobberley <peter.mobberley@gmail.com>
[21-Feb-2017 15:20:33 CST6CDT] mail() on [/home/drop3615/public_html/mailer.php:43]: To: contact@drop.car -- Headers: From: henry seherr-thoss <harry.seherr-thoss@colliers.com>
[21-Feb-2017 18:30:58 CST6CDT] mail() on [/home/drop3615/public_html/mailer.php:43]: To: contact@drop.car -- Headers: From: Canadian Pharmacy <eyyfd@wajgxnb.com>
[21-Feb-2017 18:49:26 CST6CDT] mail() on [/home/drop3615/public_html/mailer.php:43]: To: contact@drop.car -- Headers: From: stbkgwuv <edkau88f@mail.ru>
[21-Feb-2017 19:30:15 CST6CDT] mail() on [/home/drop3615/public_html/mailer.php:43]: To: contact@drop.car -- Headers: From: Davidmix <li.zg.ftrnnluyb789@gmail.com>
[21-Feb-2017 20:48:16 CST6CDT] mail() on [/home/drop3615/public_html/mailer.php:43]: To: contact@drop.car -- Headers: From: reomcash <edkau88f@mail.ru>
[21-Feb-2017 22:00:10 CST6CDT] mail() on [/home/drop3615/public_html/mailer.php:43]: To: contact@drop.car -- Headers: From: JoshuaNag <stfilippova1987@rambler.ru>
[21-Feb-2017 22:41:24 CST6CDT] mail() on [/home/drop3615/public_html/mailer.php:43]: To: contact@drop.car -- Headers: From: Ashelydug <silvermanjosephtnkorob@mail.ru>
[21-Feb-2017 23:36:38 CST6CDT] mail() on [/home/drop3615/public_html/mailer.php:43]: To: contact@drop.car -- Headers: From: IgnacioPoect <plasticatm@bank.com>
[22-Feb-2017 00:48:27 CST6CDT] mail() on [/home/drop3615/public_html/mailer.php:43]: To: contact@drop.car -- Headers: From: delmetlcl <gors.e.c198.0.r.us.e.r.v@gmail.com>
[22-Feb-2017 04:48:52 CST6CDT] mail() on [/home/drop3615/public_html/mailer.php:43]: To: contact@drop.car -- Headers: From: Jasonjinia <2painkillerfer@hotmail.com>
[22-Feb-2017 05:19:39 CST6CDT] mail() on [/home/drop3615/public_html/mailer.php:43]: To: contact@drop.car -- Headers: From: agrovolokno <fasadykiev@mail.ru>
[22-Feb-2017 05:26:46 CST6CDT] mail() on [/home/drop3615/public_html/mailer.php:43]: To: contact@drop.car -- Headers: From: Williamfaf <anyu.verschinina@yandex.com>
[22-Feb-2017 06:18:55 CST6CDT] mail() on [/home/drop3615/public_html/mailer.php:43]: To: contact@drop.car -- Headers: From: jackni11 <xu69@yesseniaava.newyorkmetro5.top>
[22-Feb-2017 08:15:45 CST6CDT] mail() on [/home/drop3615/public_html/mailer.php:43]: To: contact@drop.car -- Headers: From: Lidsov <kapqin@yandex.ru>
[22-Feb-2017 08:31:02 CST6CDT] mail() on [/home/drop3615/public_html/mailer.php:43]: To: contact@drop.car -- Headers: From: Ashelydug <silvermanjosephtnkorob@mail.ru>
[22-Feb-2017 09:37:42 CST6CDT] mail() on [/home/drop3615/public_html/mailer.php:43]: To: contact@drop.car -- Headers: From: Rosemarie <rosemarie.hedditch@gawab.com>
[22-Feb-2017 09:48:11 CST6CDT] mail() on [/home/drop3615/public_html/mailer.php:43]: To: contact@drop.car -- Headers: From: DNSCORP <noreply@dnscorp.org>
[22-Feb-2017 18:04:16 CST6CDT] mail() on [/home/drop3615/public_html/mailer.php:43]: To: contact@drop.car -- Headers: From: Brentpeado <brent567soday@mail.ru>
[22-Feb-2017 19:17:58 CST6CDT] mail() on [/home/drop3615/public_html/mailer.php:43]: To: contact@drop.car -- Headers: From: Lance Jordan <lance.jordan@gs.com>
[23-Feb-2017 00:10:35 CST6CDT] mail() on [/home/drop3615/public_html/mailer.php:43]: To: contact@drop.car -- Headers: From: gqstxmjf <aldkau88f@mail.ru>
[23-Feb-2017 00:22:05 CST6CDT] mail() on [/home/drop3615/public_html/mailer.php:43]: To: contact@drop.car -- Headers: From: ShotbKiz <shotblasting2017@gmail.com>
[23-Feb-2017 00:29:50 CST6CDT] mail() on [/home/drop3615/public_html/mailer.php:43]: To: contact@drop.car -- Headers: From: Williemorgo <temptest467102740s@mail.ru>
[23-Feb-2017 03:56:04 CST6CDT] mail() on [/home/drop3615/public_html/mailer.php:43]: To: contact@drop.car -- Headers: From: Lstrtery <lestrp@mail.ru>
[23-Feb-2017 05:31:17 CST6CDT] mail() on [/home/drop3615/public_html/mailer.php:43]: To: contact@drop.car -- Headers: From: Quyen <quyenarmstead@aol.com>
[23-Feb-2017 07:46:53 CST6CDT] mail() on [/home/drop3615/public_html/mailer.php:43]: To: contact@drop.car -- Headers: From: Tommienub <pormassvia@yandex.com>
[23-Feb-2017 08:37:31 CST6CDT] mail() on [/home/drop3615/public_html/mailer.php:43]: To: contact@drop.car -- Headers: From: djhmxqxa <aldkau88f@mail.ru>
[23-Feb-2017 10:31:59 CST6CDT] mail() on [/home/drop3615/public_html/mailer.php:43]: To: contact@drop.car -- Headers: From: leahdx16 <shanaem16@margaritaannabella.tokyo-mail1.top>
[23-Feb-2017 16:28:02 CST6CDT] mail() on [/home/drop3615/public_html/mailer.php:43]: To: contact@drop.car -- Headers: From: Lstrtery <lestrp@mail.ru>
[23-Feb-2017 18:10:23 CST6CDT] mail() on [/home/drop3615/public_html/mailer.php:43]: To: contact@drop.car -- Headers: From: benitauj69 <tammiiz18@amandamartha.tokyo-mail1.top>
[23-Feb-2017 18:50:14 CST6CDT] mail() on [/home/drop3615/public_html/mailer.php:43]: To: contact@drop.car -- Headers: From: Jasonjinia <2painkillerfer@hotmail.com>
[23-Feb-2017 20:19:12 CST6CDT] mail() on [/home/drop3615/public_html/mailer.php:43]: To: contact@drop.car -- Headers: From: AnfisaTiz <maicretcave@mail.ru>
[24-Feb-2017 01:33:07 CST6CDT] mail() on [/home/drop3615/public_html/mailer.php:43]: To: contact@drop.car -- Headers: From: kellyhc4 <amieco16@jewelalyson.pop3boston.top>
[24-Feb-2017 04:16:25 CST6CDT] mail() on [/home/drop3615/public_html/mailer.php:43]: To: contact@drop.car -- Headers: From: JudithHup <sanchin@yourimail.download>
[24-Feb-2017 04:21:00 CST6CDT] mail() on [/home/drop3615/public_html/mailer.php:43]: To: contact@drop.car -- Headers: From: nitaiw2 <shellydp4@nicolette.karen.delhipop3.top>
[24-Feb-2017 05:03:13 CST6CDT] mail() on [/home/drop3615/public_html/mailer.php:43]: To: contact@drop.car -- Headers: From: Ingeborg <ingeborgluther@gmail.com>
[24-Feb-2017 06:28:49 CST6CDT] mail() on [/home/drop3615/public_html/mailer.php:43]: To: contact@drop.car -- Headers: From: theodore chodorowski <camteds@hotmail.com>
[24-Feb-2017 08:18:21 CST6CDT] mail() on [/home/drop3615/public_html/mailer.php:43]: To: contact@drop.car -- Headers: From: Scott Elchison <scott.elchison@ipglab.com>
[24-Feb-2017 08:48:51 CST6CDT] mail() on [/home/drop3615/public_html/mailer.php:43]: To: contact@drop.car -- Headers: From: terrenceom1 <elvavd3@briannaelena.london-mail.top>
[24-Feb-2017 08:59:53 CST6CDT] mail() on [/home/drop3615/public_html/mailer.php:43]: To: contact@drop.car -- Headers: From: BradleyBuB <bradley456cab@mail.ru>
[24-Feb-2017 10:04:50 CST6CDT] mail() on [/home/drop3615/public_html/mailer.php:43]: To: contact@drop.car -- Headers: From: AnfisaTiz <maicretcave@mail.ru>
[24-Feb-2017 10:46:42 CST6CDT] mail() on [/home/drop3615/public_html/mailer.php:43]: To: contact@drop.car -- Headers: From: Alinamut <alinamut_1990@tutanota.ga>
[24-Feb-2017 11:11:30 CST6CDT] mail() on [/home/drop3615/public_html/mailer.php:43]: To: contact@drop.car -- Headers: From: ygwfvgna <aldkau88f@mail.ru>
[24-Feb-2017 11:29:32 CST6CDT] mail() on [/home/drop3615/public_html/mailer.php:43]: To: contact@drop.car -- Headers: From: Christina Ekonomidis <Christina.eko@gmail.com>
[24-Feb-2017 12:33:23 CST6CDT] mail() on [/home/drop3615/public_html/mailer.php:43]: To: contact@drop.car -- Headers: From: Linwoodoxids <tgpmaker@gmail.com>
[24-Feb-2017 13:12:03 CST6CDT] mail() on [/home/drop3615/public_html/mailer.php:43]: To: contact@drop.car -- Headers: From: zcqluosl <aldkau88f@mail.ru>
[24-Feb-2017 13:38:35 CST6CDT] mail() on [/home/drop3615/public_html/mailer.php:43]: To: contact@drop.car -- Headers: From: David Duenias <dduenias@yahoo.com>
[24-Feb-2017 14:34:23 CST6CDT] mail() on [/home/drop3615/public_html/mailer.php:43]: To: contact@drop.car -- Headers: From: auroraka16 <lf4@yesseniaava.newyorkmetro5.top>
[24-Feb-2017 15:08:12 CST6CDT] mail() on [/home/drop3615/public_html/mailer.php:43]: To: contact@drop.car -- Headers: From: Billieabarp <xru888@mail.ru>
[24-Feb-2017 15:17:28 CST6CDT] mail() on [/home/drop3615/public_html/mailer.php:43]: To: contact@drop.car -- Headers: From: BrianNocok <mrmaxi@iphonemsk.com>
[24-Feb-2017 16:29:29 CST6CDT] mail() on [/home/drop3615/public_html/mailer.php:43]: To: contact@drop.car -- Headers: From: ShotbKiz <shotblasting2017@gmail.com>
[24-Feb-2017 17:24:25 CST6CDT] mail() on [/home/drop3615/public_html/mailer.php:43]: To: contact@drop.car -- Headers: From: Winstonpar <onlinecasinos-x.com@gmail.com>
[24-Feb-2017 22:40:05 CST6CDT] mail() on [/home/drop3615/public_html/mailer.php:43]: To: contact@drop.car -- Headers: From: Frankmeata <chetiresta@prolifepowerup.com>
[25-Feb-2017 01:08:32 CST6CDT] mail() on [/home/drop3615/public_html/mailer.php:43]: To: contact@drop.car -- Headers: From: MartinChier <p9tsot@prolifepowerup.com>
[25-Feb-2017 01:47:28 CST6CDT] mail() on [/home/drop3615/public_html/mailer.php:43]: To: contact@drop.car -- Headers: From: RichardDom <askovaleva1978@rambler.ru>
[25-Feb-2017 01:48:50 CST6CDT] mail() on [/home/drop3615/public_html/mailer.php:43]: To: contact@drop.car -- Headers: From: PatrickAvari <gomaxxx@prolifepowerup.com>
[25-Feb-2017 03:56:19 CST6CDT] mail() on [/home/drop3615/public_html/mailer.php:43]: To: contact@drop.car -- Headers: From: Ashelydug <silvermanjosephtnkorob@mail.ru>
[25-Feb-2017 10:33:35 CST6CDT] mail() on [/home/drop3615/public_html/mailer.php:43]: To: contact@drop.car -- Headers: From: Dee <deetulk@live.com>
[25-Feb-2017 13:01:52 CST6CDT] mail() on [/home/drop3615/public_html/mailer.php:43]: To: contact@drop.car -- Headers: From: Lewisdom <yulkrylova1993@rambler.ru>
[25-Feb-2017 13:01:52 CST6CDT] mail() on [/home/drop3615/public_html/mailer.php:43]: To: contact@drop.car -- Headers: From: Aaronnog <ilfedotova1981@rambler.ru>
[25-Feb-2017 13:41:18 CST6CDT] mail() on [/home/drop3615/public_html/mailer.php:43]: To: contact@drop.car -- Headers: From: Robbyn <deyongpc@aol.com>
[25-Feb-2017 14:47:18 CST6CDT] mail() on [/home/drop3615/public_html/mailer.php:43]: To: contact@drop.car -- Headers: From: Billieabarp <xru888@mail.ru>
[25-Feb-2017 16:04:09 CST6CDT] mail() on [/home/drop3615/public_html/mailer.php:43]: To: contact@drop.car -- Headers: From: reuben daniels <reuben.daniels@eamarkets.com>
[25-Feb-2017 17:50:44 CST6CDT] mail() on [/home/drop3615/public_html/mailer.php:43]: To: contact@drop.car -- Headers: From: Gail Seay <gail@homerproductionsinc.com>
[25-Feb-2017 19:43:11 CST6CDT] mail() on [/home/drop3615/public_html/mailer.php:43]: To: contact@drop.car -- Headers: From: Alinamut <alinamut_1991@tutanota.ga>
[25-Feb-2017 19:46:54 CST6CDT] mail() on [/home/drop3615/public_html/mailer.php:43]: To: contact@drop.car -- Headers: From: Grantzet <grantciz@mail.ru>
[25-Feb-2017 20:19:48 CST6CDT] mail() on [/home/drop3615/public_html/mailer.php:43]: To: contact@drop.car -- Headers: From: Martincoild <dqwewqwwee@mail.ru>
[25-Feb-2017 22:52:26 CST6CDT] mail() on [/home/drop3615/public_html/mailer.php:43]: To: contact@drop.car -- Headers: From: DennisVulky <owen@hdfhgdfhtyuryrehgf.xyz>
[25-Feb-2017 23:58:52 CST6CDT] mail() on [/home/drop3615/public_html/mailer.php:43]: To: contact@drop.car -- Headers: From: LeroySiP <maxi3sport@testosteroneforman.com>
[26-Feb-2017 07:40:22 CST6CDT] mail() on [/home/drop3615/public_html/mailer.php:43]: To: contact@drop.car -- Headers: From: clareze18 <toniwf11@presleynoemi.london-mail.top>
[26-Feb-2017 10:15:54 CST6CDT] mail() on [/home/drop3615/public_html/mailer.php:43]: To: contact@drop.car -- Headers: From: jimmiewo3 <ebonyah20@dulceashanti.london-mail.top>
[26-Feb-2017 10:22:11 CST6CDT] mail() on [/home/drop3615/public_html/mailer.php:43]: To: contact@drop.car -- Headers: From: IherbwEtMR <sergedass1999@gmail.com>
[26-Feb-2017 11:27:29 CST6CDT] mail() on [/home/drop3615/public_html/mailer.php:43]: To: contact@drop.car -- Headers: From: RobertAcity <posusdjsnsf@yandex.com>
[26-Feb-2017 12:14:44 CST6CDT] mail() on [/home/drop3615/public_html/mailer.php:43]: To: contact@drop.car -- Headers: From: Martincoild <dqwewqwwee@mail.ru>
[26-Feb-2017 13:25:49 CST6CDT] mail() on [/home/drop3615/public_html/mailer.php:43]: To: contact@drop.car -- Headers: From: JohnnieNar <johnnie53@mail.ru>
[26-Feb-2017 15:13:23 CST6CDT] mail() on [/home/drop3615/public_html/mailer.php:43]: To: contact@drop.car -- Headers: From: Axodkova <creaseyeay.t.u.p16.70@gmail.com>
[26-Feb-2017 16:37:55 CST6CDT] mail() on [/home/drop3615/public_html/mailer.php:43]: To: contact@drop.car -- Headers: From: BigBonusLig <dxcfctma@goohle.co.ua>
[27-Feb-2017 00:15:48 CST6CDT] mail() on [/home/drop3615/public_html/mailer.php:43]: To: contact@drop.car -- Headers: From: Ashelydug <ashelywhalp@mail.ru>
[27-Feb-2017 06:39:38 CST6CDT] mail() on [/home/drop3615/public_html/mailer.php:43]: To: contact@drop.car -- Headers: From: IonikeTok <fdasew-k@yandex.ru>
[27-Feb-2017 07:08:56 CST6CDT] mail() on [/home/drop3615/public_html/mailer.php:43]: To: contact@drop.car -- Headers: From: Craig Fountain <craig.fountain@gmail.com>
[27-Feb-2017 09:44:28 CST6CDT] mail() on [/home/drop3615/public_html/mailer.php:43]: To: contact@drop.car -- Headers: From: Herman Levy <Herman@medsolutionsone.com>
[27-Feb-2017 09:46:52 CST6CDT] mail() on [/home/drop3615/public_html/mailer.php:43]: To: contact@drop.car -- Headers: From: Herman Levy <Herman@Medsolutionsone.com>
[27-Feb-2017 10:29:35 CST6CDT] mail() on [/home/drop3615/public_html/mailer.php:43]: To: contact@drop.car -- Headers: From: Arturo Ortiz de Zevallos <turi27@gmail.com>
[27-Feb-2017 14:10:36 CST6CDT] mail() on [/home/drop3615/public_html/mailer.php:43]: To: contact@drop.car -- Headers: From: HymanPsync <starting@testosteroneforman.com>
[27-Feb-2017 16:19:46 CST6CDT] mail() on [/home/drop3615/public_html/mailer.php:43]: To: contact@drop.car -- Headers: From: Craig Fountain <craig.fountain@gmail.com>
[27-Feb-2017 18:51:42 CST6CDT] mail() on [/home/drop3615/public_html/mailer.php:43]: To: contact@drop.car -- Headers: From: ThomastheaW <thomasblike@mail.ru>
[27-Feb-2017 22:34:57 CST6CDT] mail() on [/home/drop3615/public_html/mailer.php:43]: To: contact@drop.car -- Headers: From: RobertAcity <posusdjsnsf@yandex.com>
[28-Feb-2017 08:10:50 CST6CDT] mail() on [/home/drop3615/public_html/mailer.php:43]: To: contact@drop.car -- Headers: From: Robertarrek <beyakovaleva1978@rambler.ru>
[28-Feb-2017 08:27:49 CST6CDT] mail() on [/home/drop3615/public_html/mailer.php:43]: To: contact@drop.car -- Headers: From: IonikeTok <fdasew-k@yandex.ru>
[28-Feb-2017 11:43:45 CST6CDT] mail() on [/home/drop3615/public_html/mailer.php:43]: To: contact@drop.car -- Headers: From: EliasRep <vezaharova1987@rambler.ru>
[28-Feb-2017 15:55:06 CST6CDT] mail() on [/home/drop3615/public_html/mailer.php:43]: To: contact@drop.car -- Headers: From: Frankgoams <gamelnikova1981@rambler.ru>
[28-Feb-2017 15:55:06 CST6CDT] mail() on [/home/drop3615/public_html/mailer.php:43]: To: contact@drop.car -- Headers: From: Jacoblew <alnikiforova1982@rambler.ru>
[28-Feb-2017 17:05:14 CST6CDT] mail() on [/home/drop3615/public_html/mailer.php:43]: To: contact@drop.car -- Headers: From: Blythe <blythecorlette@gmail.com>
[28-Feb-2017 19:54:34 CST6CDT] mail() on [/home/drop3615/public_html/mailer.php:43]: To: contact@drop.car -- Headers: From: Hellen <hellen.mendiola@aol.com>
[28-Feb-2017 20:13:09 CST6CDT] mail() on [/home/drop3615/public_html/mailer.php:43]: To: contact@drop.car -- Headers: From: JohnnieNar <johnnie53@mail.ru>
[28-Feb-2017 20:13:16 CST6CDT] mail() on [/home/drop3615/public_html/mailer.php:43]: To: contact@drop.car -- Headers: From: billiezu2 <bt7@esther.brandi.newyorkmetro5.top>
[28-Feb-2017 22:24:18 CST6CDT] mail() on [/home/drop3615/public_html/mailer.php:43]: To: contact@drop.car -- Headers: From: MartinChier <p9tsot@prolifepowerup.com>
[01-Mar-2017 04:57:49 CST6CDT] mail() on [/home/drop3615/public_html/mailer.php:43]: To: contact@drop.car -- Headers: From: rrijhhdh <aldkau88f@mail.ru>
[01-Mar-2017 07:06:47 CST6CDT] mail() on [/home/drop3615/public_html/mailer.php:43]: To: contact@drop.car -- Headers: From: BrianNocok <mrmaxi@iphonemsk.com>
[01-Mar-2017 09:31:44 CST6CDT] mail() on [/home/drop3615/public_html/mailer.php:43]: To: contact@drop.car -- Headers: From: maritzahn69 <erinvj69@raina.kailee.delhipop3.top>
[01-Mar-2017 11:24:37 CST6CDT] mail() on [/home/drop3615/public_html/mailer.php:43]: To: contact@drop.car -- Headers: From: scaixwrk <aldkau88f@mail.ru>
[01-Mar-2017 12:29:46 CST6CDT] mail() on [/home/drop3615/public_html/mailer.php:43]: To: contact@drop.car -- Headers: From: MasVips <hrtyjtjhrgergtrhrt@mail.ru>
[01-Mar-2017 12:30:27 CST6CDT] mail() on [/home/drop3615/public_html/mailer.php:43]: To: contact@drop.car -- Headers: From: MasVips <hrtyjtjhrgergtrhrt@mail.ru>
[01-Mar-2017 12:31:41 CST6CDT] mail() on [/home/drop3615/public_html/mailer.php:43]: To: contact@drop.car -- Headers: From: MasVips <hrtyjtjhrgergtrhrt@mail.ru>
[01-Mar-2017 16:57:33 CST6CDT] mail() on [/home/drop3615/public_html/mailer.php:43]: To: contact@drop.car -- Headers: From: JosephAvata <josephham@mail.ru>
[01-Mar-2017 21:38:38 CST6CDT] mail() on [/home/drop3615/public_html/mailer.php:43]: To: contact@drop.car -- Headers: From: Donaldpuh <maclaurinvu@hotmail.com>
[02-Mar-2017 01:39:03 CST6CDT] mail() on [/home/drop3615/public_html/mailer.php:43]: To: contact@drop.car -- Headers: From: dwighthz2 <cu18@esther.brandi.newyorkmetro5.top>
[02-Mar-2017 05:54:07 CST6CDT] mail() on [/home/drop3615/public_html/mailer.php:43]: To: contact@drop.car -- Headers: From: adrianxi60 <robertont3@delaneykasey.istanbul-imap.top>
[02-Mar-2017 06:46:23 CST6CDT] mail() on [/home/drop3615/public_html/mailer.php:43]: To: contact@drop.car -- Headers: From: celiapl16 <ursulapk7@katarina.maya.istanbul-imap.top>
[02-Mar-2017 07:56:17 CST6CDT] mail() on [/home/drop3615/public_html/mailer.php:43]: To: contact@drop.car -- Headers: From: PrivatProxyrip <kjuhhzmhc@goohle.co.ua>
[02-Mar-2017 08:14:59 CST6CDT] mail() on [/home/drop3615/public_html/mailer.php:43]: To: contact@drop.car -- Headers: From: Jasonjinia <2pain23ki7llerfer@hotmail.com>
[02-Mar-2017 13:02:56 CST6CDT] mail() on [/home/drop3615/public_html/mailer.php:43]: To: contact@drop.car -- Headers: From: Jerrysnori <jerryfooro@mail.ru>
[02-Mar-2017 14:48:12 CST6CDT] mail() on [/home/drop3615/public_html/mailer.php:43]: To: contact@drop.car -- Headers: From: mamaeka <podolskaya.lola@mail.ru>
[02-Mar-2017 19:10:49 CST6CDT] mail() on [/home/drop3615/public_html/mailer.php:43]: To: contact@drop.car -- Headers: From: Daniel Eckstein <dmeckstein@gmail.com>
[02-Mar-2017 19:10:54 CST6CDT] mail() on [/home/drop3615/public_html/mailer.php:43]: To: contact@drop.car -- Headers: From: Daniel Eckstein <dmeckstein@gmail.com>
[02-Mar-2017 20:14:13 CST6CDT] mail() on [/home/drop3615/public_html/mailer.php:43]: To: contact@drop.car -- Headers: From: PrivatProxyrip <xftmdbyrv@goohle.co.ua>
[03-Mar-2017 02:02:43 CST6CDT] mail() on [/home/drop3615/public_html/mailer.php:43]: To: contact@drop.car -- Headers: From: SemenWem <semensuomy@mail.ru>
[03-Mar-2017 02:53:44 CST6CDT] mail() on [/home/drop3615/public_html/mailer.php:43]: To: contact@drop.car -- Headers: From: Alinames <lina_akhram_ovich@mail.ru>
[03-Mar-2017 07:34:25 CST6CDT] mail() on [/home/drop3615/public_html/mailer.php:43]: To: contact@drop.car -- Headers: From: Stevenmup <makemegreatagain@iphoneonandroid.com>
[03-Mar-2017 09:55:04 CST6CDT] mail() on [/home/drop3615/public_html/mailer.php:43]: To: contact@drop.car -- Headers: From: constanceyw11 <ui3@janavalerie.miami-mail.top>
[03-Mar-2017 10:44:13 CST6CDT] mail() on [/home/drop3615/public_html/mailer.php:43]: To: contact@drop.car -- Headers: From: xizopdyk <lidlkff7@mail.ru>
[03-Mar-2017 11:14:50 CST6CDT] mail() on [/home/drop3615/public_html/mailer.php:43]: To: contact@drop.car -- Headers: From: Jamiehutty <jamiediora@mail.ru>
[03-Mar-2017 11:18:50 CST6CDT] mail() on [/home/drop3615/public_html/mailer.php:43]: To: contact@drop.car -- Headers: From: sonjatb18 <georgetteqy20@rhiannonathena.paris-gmail.top>
[03-Mar-2017 12:05:39 CST6CDT] mail() on [/home/drop3615/public_html/mailer.php:43]: To: contact@drop.car -- Headers: From: Melanie <melanie.zbinden@quintessentially.com>
[03-Mar-2017 13:05:08 CST6CDT] mail() on [/home/drop3615/public_html/mailer.php:43]: To: contact@drop.car -- Headers: From: Frankmeata <chetiresta@prolifepowerup.com>
[03-Mar-2017 14:05:11 CST6CDT] mail() on [/home/drop3615/public_html/mailer.php:43]: To: contact@drop.car -- Headers: From: Jamesfuh <namunung@yandex.com>
[03-Mar-2017 14:17:39 CST6CDT] mail() on [/home/drop3615/public_html/mailer.php:43]: To: contact@drop.car -- Headers: From: Davidjah <davidvep@mail.ru>
[03-Mar-2017 16:45:08 CST6CDT] mail() on [/home/drop3615/public_html/mailer.php:43]: To: contact@drop.car -- Headers: From: kstlopvq <lidlkff7@mail.ru>
[03-Mar-2017 17:26:21 CST6CDT] mail() on [/home/drop3615/public_html/mailer.php:43]: To: contact@drop.car -- Headers: From: BrucePug <nofrolova1989@rambler.ru>
[03-Mar-2017 18:02:46 CST6CDT] mail() on [/home/drop3615/public_html/mailer.php:43]: To: contact@drop.car -- Headers: From: ilker kaan ozcan <ilker@newyorken.com>
[03-Mar-2017 18:11:36 CST6CDT] mail() on [/home/drop3615/public_html/mailer.php:43]: To: contact@drop.car -- Headers: From: CharlesGen <ilmelnikova1977@rambler.ru>
[03-Mar-2017 18:46:07 CST6CDT] mail() on [/home/drop3615/public_html/mailer.php:43]: To: contact@drop.car -- Headers: From: Dianaitags <zillocreditk@mail.ru>
[03-Mar-2017 22:39:46 CST6CDT] mail() on [/home/drop3615/public_html/mailer.php:43]: To: contact@drop.car -- Headers: From: HymanPsync <starting@testosteroneforman.com>
[04-Mar-2017 02:19:33 CST6CDT] mail() on [/home/drop3615/public_html/mailer.php:43]: To: contact@drop.car -- Headers: From: Winstonpar <ddhtr554wn@gmail.com>
[04-Mar-2017 02:46:07 CST6CDT] mail() on [/home/drop3615/public_html/mailer.php:43]: To: contact@drop.car -- Headers: From: jeijvmco <lidlkff7@mail.ru>
[04-Mar-2017 04:13:27 CST6CDT] mail() on [/home/drop3615/public_html/mailer.php:43]: To: contact@drop.car -- Headers: From: nrucjeqm <lidlkff7@mail.ru>
[04-Mar-2017 06:49:14 CST6CDT] mail() on [/home/drop3615/public_html/mailer.php:43]: To: contact@drop.car -- Headers: From: Ceagmeefbug <p.ro.gr.am.ma.d.l.y.av.zloma2.0.17@gmail.com>
[04-Mar-2017 10:31:35 CST6CDT] mail() on [/home/drop3615/public_html/mailer.php:43]: To: contact@drop.car -- Headers: From: SerOneSAM1 <ocowesykikes@mail.ee>
[04-Mar-2017 16:31:33 CST6CDT] mail() on [/home/drop3615/public_html/mailer.php:43]: To: contact@drop.car -- Headers: From: Patriotkez <pl.en.k.i.s.f.il.mb.y@gmail.com>
[04-Mar-2017 19:25:41 CST6CDT] mail() on [/home/drop3615/public_html/mailer.php:43]: To: contact@drop.car -- Headers: From: narhoiht <nettoff8@mail.ru>
[04-Mar-2017 19:29:30 CST6CDT] mail() on [/home/drop3615/public_html/mailer.php:43]: To: contact@drop.car -- Headers: From: Davidjah <davidvep@mail.ru>
[04-Mar-2017 20:47:03 CST6CDT] mail() on [/home/drop3615/public_html/mailer.php:43]: To: contact@drop.car -- Headers: From: Jamieseway <elzhuravleva1990@rambler.ru>
[04-Mar-2017 23:03:35 CST6CDT] mail() on [/home/drop3615/public_html/mailer.php:43]: To: contact@drop.car -- Headers: From: Donaldnen <viromanova1979@rambler.ru>
[05-Mar-2017 09:53:48 CST6CDT] mail() on [/home/drop3615/public_html/mailer.php:43]: To: contact@drop.car -- Headers: From: Daniel Eckstein <dmeckstein@gmail.com>
[05-Mar-2017 09:53:55 CST6CDT] mail() on [/home/drop3615/public_html/mailer.php:43]: To: contact@drop.car -- Headers: From: Daniel Eckstein <dmeckstein@gmail.com>
[05-Mar-2017 14:58:35 CST6CDT] mail() on [/home/drop3615/public_html/mailer.php:43]: To: contact@drop.car -- Headers: From: LeroySiP <maxi3sport@testosteroneforman.com>
[05-Mar-2017 17:01:32 CST6CDT] mail() on [/home/drop3615/public_html/mailer.php:43]: To: contact@drop.car -- Headers: From: Diane Dickinson <ddickinson@elliman.com>
[05-Mar-2017 18:12:19 CST6CDT] mail() on [/home/drop3615/public_html/mailer.php:43]: To: contact@drop.car -- Headers: From: Winstonpar <ddhtr554wn@gmail.com>
[05-Mar-2017 21:51:58 CST6CDT] mail() on [/home/drop3615/public_html/mailer.php:43]: To: contact@drop.car -- Headers: From: Janice <janiceunderwood@gmail.com>
[05-Mar-2017 23:45:08 CST6CDT] mail() on [/home/drop3615/public_html/mailer.php:43]: To: contact@drop.car -- Headers: From: Andyvap <andycahp@mail.ru>
[06-Mar-2017 00:06:54 CST6CDT] mail() on [/home/drop3615/public_html/mailer.php:43]: To: contact@drop.car -- Headers: From: SerOneSAM1 <ocowesykikes@mail.ee>
[06-Mar-2017 02:36:19 CST6CDT] mail() on [/home/drop3615/public_html/mailer.php:43]: To: contact@drop.car -- Headers: From: BenjaminAka <allford.benjamin@yandex.com>
[06-Mar-2017 03:37:23 CST6CDT] mail() on [/home/drop3615/public_html/mailer.php:43]: To: contact@drop.car -- Headers: From: Lstrtery <lestrp@mail.ru>
[06-Mar-2017 06:29:52 CST6CDT] mail() on [/home/drop3615/public_html/mailer.php:43]: To: contact@drop.car -- Headers: From: Timothykeert <jonni@prolifepowerup.com>
[06-Mar-2017 07:39:11 CST6CDT] mail() on [/home/drop3615/public_html/mailer.php:43]: To: contact@drop.car -- Headers: From: Alexandra Cart <cartsny@gmail.com>
[06-Mar-2017 09:59:18 CST6CDT] mail() on [/home/drop3615/public_html/mailer.php:43]: To: contact@drop.car -- Headers: From: Andyvap <andycahp@mail.ru>
[06-Mar-2017 10:04:11 CST6CDT] mail() on [/home/drop3615/public_html/mailer.php:43]: To: contact@drop.car -- Headers: From: hatqvehs <nettoff8@mail.ru>
[06-Mar-2017 10:47:59 CST6CDT] mail() on [/home/drop3615/public_html/mailer.php:43]: To: contact@drop.car -- Headers: From: Xzvwtfz3 <wwybqt@pikatchu.usa.cc>
[06-Mar-2017 11:28:46 CST6CDT] mail() on [/home/drop3615/public_html/mailer.php:43]: To: contact@drop.car -- Headers: From: fliuttkc <nettoff8@mail.ru>
[06-Mar-2017 13:00:38 CST6CDT] mail() on [/home/drop3615/public_html/mailer.php:43]: To: contact@drop.car -- Headers: From: Winstonpar <ddhetr554wn@gmail.com>
[06-Mar-2017 15:29:39 CST6CDT] mail() on [/home/drop3615/public_html/mailer.php:43]: To: contact@drop.car -- Headers: From: WilliamGauro <williamneulk@mail.ru>
[06-Mar-2017 16:54:08 CST6CDT] mail() on [/home/drop3615/public_html/mailer.php:43]: To: contact@drop.car -- Headers: From: Jerryrul <komrad.semin2018@mail.ru>
[06-Mar-2017 17:06:00 CST6CDT] mail() on [/home/drop3615/public_html/mailer.php:43]: To: contact@drop.car -- Headers: From: traciekf2 <elisain16@dulceashanti.london-mail.top>
[06-Mar-2017 17:19:38 CST6CDT] mail() on [/home/drop3615/public_html/mailer.php:43]: To: contact@drop.car -- Headers: From: WilliamSot <powerup@prolifepowerup.com>
[06-Mar-2017 22:30:17 CST6CDT] mail() on [/home/drop3615/public_html/mailer.php:43]: To: contact@drop.car -- Headers: From: Jamestrala <2017win@prolifepowerup.com>
[07-Mar-2017 02:31:50 CST6CDT] mail() on [/home/drop3615/public_html/mailer.php:43]: To: contact@drop.car -- Headers: From: GladysDem <gladysdub@mail.ru>
[07-Mar-2017 05:04:09 CST6CDT] mail() on [/home/drop3615/public_html/mailer.php:43]: To: contact@drop.car -- Headers: From: BenjaminAka <allford.benjamin@yandex.com>
[07-Mar-2017 06:10:45 CST6CDT] mail() on [/home/drop3615/public_html/mailer.php:43]: To: contact@drop.car -- Headers: From: emilyaj69 <yb2@zoeyestefani.pop3boston.top>
[07-Mar-2017 07:08:05 CST6CDT] mail() on [/home/drop3615/public_html/mailer.php:43]: To: contact@drop.car -- Headers: From: Jennifer Dungs <jennifer.dungs@porsche.de>
[07-Mar-2017 09:21:04 CST6CDT] mail() on [/home/drop3615/public_html/mailer.php:43]: To: contact@drop.car -- Headers: From: RobertSputs <rober90titedy89@mail.ru>
[07-Mar-2017 13:18:12 CST6CDT] mail() on [/home/drop3615/public_html/mailer.php:43]: To: contact@drop.car -- Headers: From: Jerryrke <komrad.semin2018@mail.ru>
[07-Mar-2017 13:48:41 CST6CDT] mail() on [/home/drop3615/public_html/mailer.php:43]: To: contact@drop.car -- Headers: From: JosephKew <ksnikolaeva1995@rambler.ru>
[07-Mar-2017 13:48:41 CST6CDT] mail() on [/home/drop3615/public_html/mailer.php:43]: To: contact@drop.car -- Headers: From: Dominickap <vakrylova1990@rambler.ru>
[07-Mar-2017 22:50:36 CST6CDT] mail() on [/home/drop3615/public_html/mailer.php:43]: To: contact@drop.car -- Headers: From: JulianSkarp <julianhoini@mail.ru>
[08-Mar-2017 00:29:23 CST6CDT] mail() on [/home/drop3615/public_html/mailer.php:43]: To: contact@drop.car -- Headers: From: jodykn3 <ke60@keely.johanna.chicagoimap.top>
[08-Mar-2017 08:06:22 CST6CDT] mail() on [/home/drop3615/public_html/mailer.php:43]: To: contact@drop.car -- Headers: From: Bobbyneume <hellobro@testosteroneforman.com>
[08-Mar-2017 09:56:10 CST6CDT] mail() on [/home/drop3615/public_html/mailer.php:43]: To: contact@drop.car -- Headers: From: MichaelVilia <denniswaita@gmail.com>
[08-Mar-2017 12:08:58 CST6CDT] mail() on [/home/drop3615/public_html/mailer.php:43]: To: contact@drop.car -- Headers: From: Winstonpar <ddhetr554wn@gmail.com>
[08-Mar-2017 12:39:29 CST6CDT] mail() on [/home/drop3615/public_html/mailer.php:43]: To: contact@drop.car -- Headers: From: Lstrtery <lestrp@mail.ru>
[08-Mar-2017 16:08:30 CST6CDT] mail() on [/home/drop3615/public_html/mailer.php:43]: To: contact@drop.car -- Headers: From: PrivatProxyrip <qxjfudhkm@goohle.co.ua>
[08-Mar-2017 18:06:23 CST6CDT] mail() on [/home/drop3615/public_html/mailer.php:43]: To: contact@drop.car -- Headers: From: AnnBot <annsmith_b_u@mail.ru>
[08-Mar-2017 20:33:45 CST6CDT] mail() on [/home/drop3615/public_html/mailer.php:43]: To: contact@drop.car -- Headers: From: Jamestrala <2017win@prolifepowerup.com>
[09-Mar-2017 10:12:17 CST6CDT] mail() on [/home/drop3615/public_html/mailer.php:43]: To: contact@drop.car -- Headers: From: Matthewbem <erkonovalova1979@rambler.ru>
[09-Mar-2017 10:12:17 CST6CDT] mail() on [/home/drop3615/public_html/mailer.php:43]: To: contact@drop.car -- Headers: From: Georgeped <dakrylova1979@rambler.ru>
[09-Mar-2017 12:13:43 CST6CDT] mail() on [/home/drop3615/public_html/mailer.php:43]: To: contact@drop.car -- Headers: From: Vivian Westwood <vivianwestwoodnyc@gmail.com>
[09-Mar-2017 20:19:51 CST6CDT] mail() on [/home/drop3615/public_html/mailer.php:43]: To: contact@drop.car -- Headers: From: inhegiownew <preparat2016@mail.ru>
[10-Mar-2017 01:50:46 CST6CDT] mail() on [/home/drop3615/public_html/mailer.php:43]: To: contact@drop.car -- Headers: From: JimmyNaw <jimmyscath@mail.ru>
[10-Mar-2017 02:30:04 CST6CDT] mail() on [/home/drop3615/public_html/mailer.php:43]: To: contact@drop.car -- Headers: From: keithzi16 <herbertai6@jewelalyson.pop3boston.top>
[10-Mar-2017 02:55:58 CST6CDT] mail() on [/home/drop3615/public_html/mailer.php:43]: To: contact@drop.car -- Headers: From: Vincentten <yullazareva1992@rambler.ru>
[10-Mar-2017 05:19:56 CST6CDT] mail() on [/home/drop3615/public_html/mailer.php:43]: To: contact@drop.car -- Headers: From: SeoBasearres <yakov@x-bases.ru>
[10-Mar-2017 06:50:22 CST6CDT] mail() on [/home/drop3615/public_html/mailer.php:43]: To: contact@drop.car -- Headers: From: Winstonpar <ddhetr554wn@gmail.com>
[10-Mar-2017 09:00:01 CST6CDT] mail() on [/home/drop3615/public_html/mailer.php:43]: To: contact@drop.car -- Headers: From: Taron <uyfr2mt2w@mail.com>
[10-Mar-2017 09:56:50 CST6CDT] mail() on [/home/drop3615/public_html/mailer.php:43]: To: contact@drop.car -- Headers: From: Kristeen <kristeen.upton@freenet.de>
[10-Mar-2017 11:43:55 CST6CDT] mail() on [/home/drop3615/public_html/mailer.php:43]: To: contact@drop.car -- Headers: From: kendraaa3 <kd18@ashlynnclaudia.kyoto-webmail.top>
[10-Mar-2017 14:08:23 CST6CDT] mail() on [/home/drop3615/public_html/mailer.php:43]: To: contact@drop.car -- Headers: From: Stefon Pettigrew <Stefon.Pettigrew@cbsradio.com>
[10-Mar-2017 17:36:42 CST6CDT] mail() on [/home/drop3615/public_html/mailer.php:43]: To: contact@drop.car -- Headers: From: Jamesfuh <namunung@yandex.com>
[10-Mar-2017 19:42:20 CST6CDT] mail() on [/home/drop3615/public_html/mailer.php:43]: To: contact@drop.car -- Headers: From: hannahiv2 <lr4@yesseniaava.newyorkmetro5.top>
[10-Mar-2017 22:06:25 CST6CDT] mail() on [/home/drop3615/public_html/mailer.php:43]: To: contact@drop.car -- Headers: From: Delilah <delilahburroughs@bigstring.com>
[11-Mar-2017 03:46:37 CST6CDT] mail() on [/home/drop3615/public_html/mailer.php:43]: To: contact@drop.car -- Headers: From: DennisPes <mail@simptomer.com>
[11-Mar-2017 04:21:04 CST6CDT] mail() on [/home/drop3615/public_html/mailer.php:43]: To: contact@drop.car -- Headers: From: Jamalwhido <jamalnup@mail.ru>
[11-Mar-2017 06:33:52 CST6CDT] mail() on [/home/drop3615/public_html/mailer.php:43]: To: contact@drop.car -- Headers: From: Winstonpar <ddhetr554wn@gmail.com>
[11-Mar-2017 06:40:35 CST6CDT] mail() on [/home/drop3615/public_html/mailer.php:43]: To: contact@drop.car -- Headers: From: Al <thehappyface@gmail.com>
[11-Mar-2017 06:40:38 CST6CDT] mail() on [/home/drop3615/public_html/mailer.php:43]: To: contact@drop.car -- Headers: From: Al <thehappyface@gmail.com>
[11-Mar-2017 06:40:41 CST6CDT] mail() on [/home/drop3615/public_html/mailer.php:43]: To: contact@drop.car -- Headers: From: Al <thehappyface@gmail.com>
[11-Mar-2017 06:40:42 CST6CDT] mail() on [/home/drop3615/public_html/mailer.php:43]: To: contact@drop.car -- Headers: From: Al <thehappyface@gmail.com>
[11-Mar-2017 06:46:49 CST6CDT] mail() on [/home/drop3615/public_html/mailer.php:43]: To: contact@drop.car -- Headers: From: ingridgt11 <kimberleyok16@katarina.mikayla.london-mail.top>
[11-Mar-2017 07:12:13 CST6CDT] mail() on [/home/drop3615/public_html/mailer.php:43]: To: contact@drop.car -- Headers: From: rentdreshyx <bo.ri.s19.8.0.secen.o.v@gmail.com>
[11-Mar-2017 09:40:15 CST6CDT] mail() on [/home/drop3615/public_html/mailer.php:43]: To: contact@drop.car -- Headers: From: Genrynob <info@fx-brokers.review>
[11-Mar-2017 17:19:39 CST6CDT] mail() on [/home/drop3615/public_html/mailer.php:43]: To: contact@drop.car -- Headers: From: VirgilRox <virgil50@mail.ru>
[11-Mar-2017 17:47:53 CST6CDT] mail() on [/home/drop3615/public_html/mailer.php:43]: To: contact@drop.car -- Headers: From: augustawh16 <biancayh60@breanna.alicia.kyoto-webmail.top>
[11-Mar-2017 17:59:44 CST6CDT] mail() on [/home/drop3615/public_html/mailer.php:43]: To: contact@drop.car -- Headers: From: cathyaw69 <dwighttf20@emmajulissa.kyoto-webmail.top>
[12-Mar-2017 00:39:10 CST6CDT] mail() on [/home/drop3615/public_html/mailer.php:43]: To: contact@drop.car -- Headers: From: Jamesbup <happyee@prolifepowerup.com>
[12-Mar-2017 01:59:34 CST6CDT] mail() on [/home/drop3615/public_html/mailer.php:43]: To: contact@drop.car -- Headers: From: RichardCex <jaccki@iphoneonandroid.com>
[12-Mar-2017 05:31:33 CST6CDT] mail() on [/home/drop3615/public_html/mailer.php:43]: To: contact@drop.car -- Headers: From: Arthurnix <izesnow@prolifepowerup.com>
[12-Mar-2017 06:36:26 CST6CDT] mail() on [/home/drop3615/public_html/mailer.php:43]: To: contact@drop.car -- Headers: From: KennethAcade <greatmee@mantestosterone.com>
[12-Mar-2017 06:51:05 CST6CDT] mail() on [/home/drop3615/public_html/mailer.php:43]: To: contact@drop.car -- Headers: From: JulioPef <jmlkcjmlkc@gmail.com>
[12-Mar-2017 10:25:26 CST6CDT] mail() on [/home/drop3615/public_html/mailer.php:43]: To: contact@drop.car -- Headers: From: BigBonusLig <tksdsjsj@goohle.co.ua>
[12-Mar-2017 13:15:53 CST6CDT] mail() on [/home/drop3615/public_html/mailer.php:43]: To: contact@drop.car -- Headers: From: perepojaves28 <mobor@woppler.ru>
[12-Mar-2017 16:50:23 CST6CDT] mail() on [/home/drop3615/public_html/mailer.php:43]: To: contact@drop.car -- Headers: From: BigBonusLig <xbpozhjg@goohle.co.ua>
[12-Mar-2017 18:53:45 CST6CDT] mail() on [/home/drop3615/public_html/mailer.php:43]: To: contact@drop.car -- Headers: From: Bobbyneume <hellobro@testosteroneforman.com>
[12-Mar-2017 19:39:58 CST6CDT] mail() on [/home/drop3615/public_html/mailer.php:43]: To: contact@drop.car -- Headers: From: remontoknabibe <remontoknapark@mail.ru>
[12-Mar-2017 21:37:27 CST6CDT] mail() on [/home/drop3615/public_html/mailer.php:43]: To: contact@drop.car -- Headers: From: Xpoftbr7 <oaezgx@pikatchu.usa.cc>
[12-Mar-2017 23:41:56 CST6CDT] mail() on [/home/drop3615/public_html/mailer.php:43]: To: contact@drop.car -- Headers: From: Erin <erin.estes@web.de>
[13-Mar-2017 03:16:24 CST6CDT] mail() on [/home/drop3615/public_html/mailer.php:43]: To: contact@drop.car -- Headers: From: MashaVolkova <yourmailerki@mail.ru>
[13-Mar-2017 03:38:34 CST6CDT] mail() on [/home/drop3615/public_html/mailer.php:43]: To: contact@drop.car -- Headers: From: DennisPes <mail@simptomer.com>
[13-Mar-2017 07:02:29 CST6CDT] mail() on [/home/drop3615/public_html/mailer.php:43]: To: contact@drop.car -- Headers: From: WilberDrula <pravaandstvol@prolifepowerup.com>
[13-Mar-2017 09:15:06 CST6CDT] mail() on [/home/drop3615/public_html/mailer.php:43]: To: contact@drop.car -- Headers: From: Stanleyagews <svalekseeva1980@rambler.ru>
[13-Mar-2017 10:21:55 CST6CDT] mail() on [/home/drop3615/public_html/mailer.php:43]: To: contact@drop.car -- Headers: From: MarioJag <marioloade@mail.ru>
